<?xml version="1.0" encoding="UTF-8"?>
<!-- Generated by org.testng.reporters.JUnitXMLReporter -->
<testsuite ignored="1" hostname="LAPTOP-IKS9SD1L" failures="0" tests="24" name="manager " time="46.891" errors="0" timestamp="01 Mar 2024 16:06:26 GMT">
  <testcase classname="testcases.addCustomerTest" name="addCustomerTest" time="2.573"/>
  <testcase classname="testcases.addCustomerTest" name="addCustomerTest" time="2.063"/>
  <testcase classname="testcases.addCustomerTest" name="addCustomerTest" time="2.003"/>
  <testcase classname="testcases.addCustomerTest" name="addCustomerTest" time="2.332"/>
  <testcase classname="testcases.addCustomerTest" name="addCustomerTest" time="2.514"/>
  <testcase classname="testcases.addCustomerTest" name="addCustomerTest" time="1.962"/>
  <testcase classname="testcases.addCustomerTest" name="addCustomerTest" time="2.031"/>
  <testcase classname="testcases.addCustomerTest" name="addCustomerTest" time="1.992"/>
  <testcase classname="testcases.addCustomerTest" name="addCustomerTest" time="1.976"/>
  <testcase classname="testcases.addCustomerTest" name="addCustomerTest" time="1.968"/>
  <testcase classname="testcases.addCustomerTest" name="addCustomerTest" time="2.224"/>
  <testcase classname="testcases.addCustomerTest" name="addCustomerTest" time="1.923"/>
  <testcase classname="testcases.addCustomerTest" name="addCustomerTest" time="1.996"/>
  <testcase classname="testcases.addCustomerTest" name="addCustomerTest" time="2.212"/>
  <testcase classname="testcases.addCustomerTest" name="addCustomerTest" time="2.076"/>
  <testcase classname="testcases.addCustomerTest" name="addCustomerTest" time="1.895"/>
  <testcase classname="testcases.addCustomerTest" name="addCustomerTest" time="1.782"/>
  <testcase classname="testcases.addCustomerTest" name="addCustomerTest" time="1.82"/>
  <testcase classname="testcases.addCustomerTest" name="addCustomerTest" time="2.013"/>
  <testcase classname="testcases.addCustomerTest" name="addCustomerTest" time="1.826"/>
  <testcase classname="testcases.addCustomerTest" name="addCustomerTest" time="1.735"/>
  <testcase classname="testcases.addCustomerTest" name="addCustomerTest" time="1.785"/>
  <testcase classname="testcases.OpenAccountTest" name="openAccountForExistingCustomers" time="1.718"/>
  <testcase classname="testcases.addCustomerTest" name="screenshotValidationAmeo" time="0.113">
    <skipped/>
  </testcase> <!-- screenshotValidationAmeo -->
  <testcase classname="base.BaseTest" name="@AfterSuite tearDown" time="0.0">
    <ignored/>
  </testcase> <!-- @AfterSuite tearDown -->
</testsuite> <!-- manager  -->
